{
  "stats": {
    "suites": 12,
    "tests": 41,
    "passes": 23,
    "pending": 0,
    "failures": 18,
    "start": "2021-10-25T22:36:29.760Z",
    "end": "2021-10-25T22:38:41.533Z",
    "duration": 131773,
    "testsRegistered": 41,
    "passPercent": 56.09756097560976,
    "pendingPercent": 0,
    "other": 0,
    "hasOther": false,
    "skipped": 0,
    "hasSkipped": false
  },
  "results": [
    {
      "uuid": "1d57930b-1ac0-4309-abf5-a615867fd38f",
      "title": "",
      "fullFile": "cypress/integration/project.spec.js",
      "file": "cypress/integration/project.spec.js",
      "beforeHooks": [],
      "afterHooks": [],
      "tests": [],
      "suites": [
        {
          "uuid": "e4ffd861-c8c9-404e-8a31-e21700585108",
          "title": "1 - Adicione à página o título \"Paleta de Cores\".",
          "fullFile": "",
          "file": "",
          "beforeHooks": [],
          "afterHooks": [],
          "tests": [
            {
              "title": "Verifica se contém um elemento `h1` com o id `title` com o título correto",
              "fullTitle": "1 - Adicione à página o título \"Paleta de Cores\". Verifica se contém um elemento `h1` com o id `title` com o título correto",
              "timedOut": null,
              "duration": 472,
              "state": "passed",
              "speed": "slow",
              "pass": true,
              "fail": false,
              "pending": false,
              "context": null,
              "code": "cy.get('h1#title').should('contain.text', 'Paleta de Cores');",
              "err": {},
              "uuid": "f55426d7-ff92-4d3a-9f1b-7f082504ade9",
              "parentUUID": "e4ffd861-c8c9-404e-8a31-e21700585108",
              "isHook": false,
              "skipped": false
            }
          ],
          "suites": [],
          "passes": [
            "f55426d7-ff92-4d3a-9f1b-7f082504ade9"
          ],
          "failures": [],
          "pending": [],
          "skipped": [],
          "duration": 472,
          "root": false,
          "rootEmpty": false,
          "_timeout": 2000
        },
        {
          "uuid": "c0a28ea5-c9ce-416f-862a-6877aacf0065",
          "title": "2 - Adicione à página uma paleta de quatro cores distintas.",
          "fullFile": "",
          "file": "",
          "beforeHooks": [],
          "afterHooks": [],
          "tests": [
            {
              "title": "A paleta de cores deve ser um elemento com `id` denominado `color-palette`",
              "fullTitle": "2 - Adicione à página uma paleta de quatro cores distintas. A paleta de cores deve ser um elemento com `id` denominado `color-palette`",
              "timedOut": null,
              "duration": 497,
              "state": "passed",
              "speed": "slow",
              "pass": true,
              "fail": false,
              "pending": false,
              "context": null,
              "code": "cy.get('#color-palette').should('be.visible');\ncy.get('#color-palette').children('.color');",
              "err": {},
              "uuid": "b75fa59d-3f6b-458e-ab55-4020229e9783",
              "parentUUID": "c0a28ea5-c9ce-416f-862a-6877aacf0065",
              "isHook": false,
              "skipped": false
            },
            {
              "title": "Verifica se cada cor individual da paleta de cores possui a `classe` chamada `color`.",
              "fullTitle": "2 - Adicione à página uma paleta de quatro cores distintas. Verifica se cada cor individual da paleta de cores possui a `classe` chamada `color`.",
              "timedOut": null,
              "duration": 575,
              "state": "passed",
              "speed": "slow",
              "pass": true,
              "fail": false,
              "pending": false,
              "context": null,
              "code": "cy.get('.color').should('have.length', 4).then(function (colors) {\n  for (var i = 0; i < colors.length; i++) {\n    cy.wrap(colors[i]).should('be.visible');\n  }\n});",
              "err": {},
              "uuid": "57346c40-d9f2-498f-bb11-3c97255c7bcc",
              "parentUUID": "c0a28ea5-c9ce-416f-862a-6877aacf0065",
              "isHook": false,
              "skipped": false
            },
            {
              "title": "Verifica se a cor de fundo de cada elemento da paleta é a cor que o elemento representa. **A única cor não permitida na paleta é a cor branca.**",
              "fullTitle": "2 - Adicione à página uma paleta de quatro cores distintas. Verifica se a cor de fundo de cada elemento da paleta é a cor que o elemento representa. **A única cor não permitida na paleta é a cor branca.**",
              "timedOut": null,
              "duration": 544,
              "state": "passed",
              "speed": "slow",
              "pass": true,
              "fail": false,
              "pending": false,
              "context": null,
              "code": "cy.get('.color').each(function (color) {\n  cy.wrap(color).should('have.class', 'color').and('not.have.css', 'background-color', WHITE);\n  cy.wrap(color).should('have.css', 'background-color');\n});",
              "err": {},
              "uuid": "a8b341ea-4b3c-431c-9130-b9a16a2d2bb8",
              "parentUUID": "c0a28ea5-c9ce-416f-862a-6877aacf0065",
              "isHook": false,
              "skipped": false
            },
            {
              "title": "Verifica se cada elemento da paleta de cores tem uma borda preta, sólida e com 1 pixel de largura;",
              "fullTitle": "2 - Adicione à página uma paleta de quatro cores distintas. Verifica se cada elemento da paleta de cores tem uma borda preta, sólida e com 1 pixel de largura;",
              "timedOut": null,
              "duration": 636,
              "state": "passed",
              "speed": "slow",
              "pass": true,
              "fail": false,
              "pending": false,
              "context": null,
              "code": "cy.get('.color').each(function (color) {\n  cy.wrap(color).and('have.css', 'border', \"1px solid \".concat(BLACK)).and('have.class', 'color');\n});",
              "err": {},
              "uuid": "4d19fb79-f17e-4d05-86bb-50422ee877a0",
              "parentUUID": "c0a28ea5-c9ce-416f-862a-6877aacf0065",
              "isHook": false,
              "skipped": false
            },
            {
              "title": "Verifica se a paleta lista todas as cores disponíveis para utilização, lado a lado.",
              "fullTitle": "2 - Adicione à página uma paleta de quatro cores distintas. Verifica se a paleta lista todas as cores disponíveis para utilização, lado a lado.",
              "timedOut": null,
              "duration": 436,
              "state": "passed",
              "speed": "slow",
              "pass": true,
              "fail": false,
              "pending": false,
              "context": null,
              "code": "cy.get('.color').then(function (colors) {\n  for (var index = 1; index < colors.length; index += 1) {\n    var currentColor = colors[index];\n    var previousColor = colors[index - 1];\n    cy.wrap(currentColor).should('be.onTheRightOf', previousColor).and('be.horizontallyAlignedWith', previousColor);\n  }\n});",
              "err": {},
              "uuid": "1b58741f-4b9d-4358-a7a8-6dc666bf2c29",
              "parentUUID": "c0a28ea5-c9ce-416f-862a-6877aacf0065",
              "isHook": false,
              "skipped": false
            },
            {
              "title": "Verifica se a paleta de cores está posicionada abaixo do título 'Paleta de Cores'",
              "fullTitle": "2 - Adicione à página uma paleta de quatro cores distintas. Verifica se a paleta de cores está posicionada abaixo do título 'Paleta de Cores'",
              "timedOut": null,
              "duration": 296,
              "state": "passed",
              "speed": "slow",
              "pass": true,
              "fail": false,
              "pending": false,
              "context": null,
              "code": "cy.get('h1#title').then(function (title) {\n  cy.get('#color-palette').should('be.belowOf', title);\n});",
              "err": {},
              "uuid": "a7e372dc-cecb-45b5-9190-9cfccaaaf169",
              "parentUUID": "c0a28ea5-c9ce-416f-862a-6877aacf0065",
              "isHook": false,
              "skipped": false
            },
            {
              "title": "Verifica se a paleta de cores não contém cores repetidas.",
              "fullTitle": "2 - Adicione à página uma paleta de quatro cores distintas. Verifica se a paleta de cores não contém cores repetidas.",
              "timedOut": null,
              "duration": 377,
              "state": "passed",
              "speed": "slow",
              "pass": true,
              "fail": false,
              "pending": false,
              "context": null,
              "code": "cy.get('.color').then(function (colors) {\n  var allColors = Array.from(colors).map(function (color) {\n    return Cypress.$(color).css('background-color');\n  });\n  cy.log(allColors);\n  var uniqColors = (0, _toConsumableArray2[\"default\"])(new Set(allColors));\n  cy.log(uniqColors);\n  expect(allColors.length).to.eq(uniqColors.length);\n});",
              "err": {},
              "uuid": "13bbfb23-1430-4792-bc40-0ec4bcf622f0",
              "parentUUID": "c0a28ea5-c9ce-416f-862a-6877aacf0065",
              "isHook": false,
              "skipped": false
            }
          ],
          "suites": [],
          "passes": [
            "b75fa59d-3f6b-458e-ab55-4020229e9783",
            "57346c40-d9f2-498f-bb11-3c97255c7bcc",
            "a8b341ea-4b3c-431c-9130-b9a16a2d2bb8",
            "4d19fb79-f17e-4d05-86bb-50422ee877a0",
            "1b58741f-4b9d-4358-a7a8-6dc666bf2c29",
            "a7e372dc-cecb-45b5-9190-9cfccaaaf169",
            "13bbfb23-1430-4792-bc40-0ec4bcf622f0"
          ],
          "failures": [],
          "pending": [],
          "skipped": [],
          "duration": 3361,
          "root": false,
          "rootEmpty": false,
          "_timeout": 2000
        },
        {
          "uuid": "24e7880d-2021-48d4-a760-7311fcf18265",
          "title": "3 - Adicione a cor **preta** como a primeira cor da paleta de cores.",
          "fullFile": "",
          "file": "",
          "beforeHooks": [],
          "afterHooks": [],
          "tests": [
            {
              "title": "Verifica se a primeira cor da paleta é preta",
              "fullTitle": "3 - Adicione a cor **preta** como a primeira cor da paleta de cores. Verifica se a primeira cor da paleta é preta",
              "timedOut": null,
              "duration": 330,
              "state": "passed",
              "speed": "slow",
              "pass": true,
              "fail": false,
              "pending": false,
              "context": null,
              "code": "cy.get('.color').first().should('have.css', 'background-color', BLACK);",
              "err": {},
              "uuid": "dcfe3261-9932-4794-a2bf-f52ef172eed9",
              "parentUUID": "24e7880d-2021-48d4-a760-7311fcf18265",
              "isHook": false,
              "skipped": false
            },
            {
              "title": "Verifica se as demais cores podem ser escolhidas livremente.",
              "fullTitle": "3 - Adicione a cor **preta** como a primeira cor da paleta de cores. Verifica se as demais cores podem ser escolhidas livremente.",
              "timedOut": null,
              "duration": 600,
              "state": "passed",
              "speed": "slow",
              "pass": true,
              "fail": false,
              "pending": false,
              "context": null,
              "code": "cy.get('.color').eq(1).should('not.have.css', 'background-color', BLACK);\ncy.get('.color').eq(1).should('not.have.css', 'background-color', WHITE);\ncy.get('.color').eq(1).should('not.have.css', 'background-color', 'rgba(0, 0, 0, 0)');\ncy.get('.color').eq(1).should('have.css', 'background-color');\ncy.get('.color').eq(2).should('not.have.css', 'background-color', BLACK);\ncy.get('.color').eq(2).should('not.have.css', 'background-color', WHITE);\ncy.get('.color').eq(2).should('not.have.css', 'background-color', 'rgba(0, 0, 0, 0)');\ncy.get('.color').eq(2).should('have.css', 'background-color');\ncy.get('.color').eq(3).should('not.have.css', 'background-color', BLACK);\ncy.get('.color').eq(3).should('not.have.css', 'background-color', WHITE);\ncy.get('.color').eq(3).should('not.have.css', 'background-color', 'rgba(0, 0, 0, 0)');\ncy.get('.color').eq(3).should('have.css', 'background-color');",
              "err": {},
              "uuid": "4d4d5132-ed79-4891-b53a-dd6d92812b07",
              "parentUUID": "24e7880d-2021-48d4-a760-7311fcf18265",
              "isHook": false,
              "skipped": false
            }
          ],
          "suites": [],
          "passes": [
            "dcfe3261-9932-4794-a2bf-f52ef172eed9",
            "4d4d5132-ed79-4891-b53a-dd6d92812b07"
          ],
          "failures": [],
          "pending": [],
          "skipped": [],
          "duration": 930,
          "root": false,
          "rootEmpty": false,
          "_timeout": 2000
        },
        {
          "uuid": "aecc63d8-adfd-4b24-9ea9-c8a1db85c6a9",
          "title": "4 - Adicione à página um quadro de pixels, com 25 pixels.",
          "fullFile": "",
          "file": "",
          "beforeHooks": [],
          "afterHooks": [],
          "tests": [
            {
              "title": "Verifica se o quadro de pixels possui o `id` denominado `pixel-board`",
              "fullTitle": "4 - Adicione à página um quadro de pixels, com 25 pixels. Verifica se o quadro de pixels possui o `id` denominado `pixel-board`",
              "timedOut": null,
              "duration": 410,
              "state": "passed",
              "speed": "slow",
              "pass": true,
              "fail": false,
              "pending": false,
              "context": null,
              "code": "cy.get('#pixel-board').should('be.visible');",
              "err": {},
              "uuid": "266775b4-18eb-4289-9dbb-112f96d7fbcc",
              "parentUUID": "aecc63d8-adfd-4b24-9ea9-c8a1db85c6a9",
              "isHook": false,
              "skipped": false
            },
            {
              "title": "Verifica se cada pixel individual dentro do quadro possui a `classe` denominada `pixel`.",
              "fullTitle": "4 - Adicione à página um quadro de pixels, com 25 pixels. Verifica se cada pixel individual dentro do quadro possui a `classe` denominada `pixel`.",
              "timedOut": null,
              "duration": 320,
              "state": "passed",
              "speed": "slow",
              "pass": true,
              "fail": false,
              "pending": false,
              "context": null,
              "code": "cy.get('.pixel').should('have.length', 25);",
              "err": {},
              "uuid": "d2df9c73-8e42-4975-8633-58b5ddf3e455",
              "parentUUID": "aecc63d8-adfd-4b24-9ea9-c8a1db85c6a9",
              "isHook": false,
              "skipped": false
            },
            {
              "title": "Verifica se a cor inicial dos pixels dentro do quadro, ao abrir a página, é branca.",
              "fullTitle": "4 - Adicione à página um quadro de pixels, com 25 pixels. Verifica se a cor inicial dos pixels dentro do quadro, ao abrir a página, é branca.",
              "timedOut": null,
              "duration": 562,
              "state": "passed",
              "speed": "slow",
              "pass": true,
              "fail": false,
              "pending": false,
              "context": null,
              "code": "cy.get('.pixel').should('have.length', 25).each(function (pixel) {\n  expect(pixel).to.have.css('background-color', WHITE);\n});",
              "err": {},
              "uuid": "5676138a-d519-4d71-93a5-35d0ad68a268",
              "parentUUID": "aecc63d8-adfd-4b24-9ea9-c8a1db85c6a9",
              "isHook": false,
              "skipped": false
            },
            {
              "title": "Verifica se o quadro de pixels aparece abaixo da paleta de cores",
              "fullTitle": "4 - Adicione à página um quadro de pixels, com 25 pixels. Verifica se o quadro de pixels aparece abaixo da paleta de cores",
              "timedOut": null,
              "duration": 405,
              "state": "passed",
              "speed": "slow",
              "pass": true,
              "fail": false,
              "pending": false,
              "context": null,
              "code": "cy.get('#color-palette').then(function (palette) {\n  cy.get('#pixel-board').should('be.belowOf', palette);\n});",
              "err": {},
              "uuid": "ce488097-96b7-43e0-adce-8bced19c037b",
              "parentUUID": "aecc63d8-adfd-4b24-9ea9-c8a1db85c6a9",
              "isHook": false,
              "skipped": false
            }
          ],
          "suites": [],
          "passes": [
            "266775b4-18eb-4289-9dbb-112f96d7fbcc",
            "d2df9c73-8e42-4975-8633-58b5ddf3e455",
            "5676138a-d519-4d71-93a5-35d0ad68a268",
            "ce488097-96b7-43e0-adce-8bced19c037b"
          ],
          "failures": [],
          "pending": [],
          "skipped": [],
          "duration": 1697,
          "root": false,
          "rootEmpty": false,
          "_timeout": 2000
        },
        {
          "uuid": "0609b583-d6d3-417f-aa6c-06a88e69b73e",
          "title": "5 - Faça com que cada elemento do quadro de pixels possua 40 pixels de largura, 40 pixels de altura e seja delimitado por uma borda preta de 1 pixel.",
          "fullFile": "",
          "file": "",
          "beforeHooks": [],
          "afterHooks": [],
          "tests": [
            {
              "title": "Verifica se o quadro de pixels tem altura e comprimento de 5 elementos",
              "fullTitle": "5 - Faça com que cada elemento do quadro de pixels possua 40 pixels de largura, 40 pixels de altura e seja delimitado por uma borda preta de 1 pixel. Verifica se o quadro de pixels tem altura e comprimento de 5 elementos",
              "timedOut": null,
              "duration": 1098,
              "state": "passed",
              "speed": "slow",
              "pass": true,
              "fail": false,
              "pending": false,
              "context": null,
              "code": "cy.get('.pixel').should('have.length', 25).each(function (pixel) {\n  expect(pixel).to.have.css('background-color', WHITE);\n}).and(function (pixels) {\n  var rows = chunk(pixels, 5);\n  rows.forEach(function (row) {\n    for (var index = 1; index < row.length; index += 1) {\n      var current = pixels[index];\n      var previous = pixels[index - 1];\n      cy.wrap(current).should('be.onTheRightOf', previous).and('be.horizontallyAlignedWith', previous);\n    }\n  });\n  for (var index = 1; index < 5; index += 1) {\n    expect(pixels[index * 5]).to.be.belowOf(pixels[(index - 1) * 5]);\n  }\n});",
              "err": {},
              "uuid": "7a2359cc-4dae-498e-92a1-4162e72cb800",
              "parentUUID": "0609b583-d6d3-417f-aa6c-06a88e69b73e",
              "isHook": false,
              "skipped": false
            },
            {
              "title": "Verifica se 40 pixels é o tamanho total do elemento, incluindo seu conteúdo e excluindo a borda preta, que deve ser criada à parte.",
              "fullTitle": "5 - Faça com que cada elemento do quadro de pixels possua 40 pixels de largura, 40 pixels de altura e seja delimitado por uma borda preta de 1 pixel. Verifica se 40 pixels é o tamanho total do elemento, incluindo seu conteúdo e excluindo a borda preta, que deve ser criada à parte.",
              "timedOut": null,
              "duration": 1094,
              "state": "passed",
              "speed": "slow",
              "pass": true,
              "fail": false,
              "pending": false,
              "context": null,
              "code": "cy.get('.pixel').each(function (pixel) {\n  cy.wrap(pixel).should('have.css', 'height', '40px').and('have.css', 'width', '40px').and('have.css', 'border', \"1px solid \".concat(BLACK));\n});",
              "err": {},
              "uuid": "d5041dbd-2884-4010-8c22-402623023c64",
              "parentUUID": "0609b583-d6d3-417f-aa6c-06a88e69b73e",
              "isHook": false,
              "skipped": false
            }
          ],
          "suites": [],
          "passes": [
            "7a2359cc-4dae-498e-92a1-4162e72cb800",
            "d5041dbd-2884-4010-8c22-402623023c64"
          ],
          "failures": [],
          "pending": [],
          "skipped": [],
          "duration": 2192,
          "root": false,
          "rootEmpty": false,
          "_timeout": 2000
        },
        {
          "uuid": "bd63e26c-6170-4744-98d3-7357c99edc55",
          "title": "6 - Defina a cor preta como cor inicial. Ao carregar a página a cor preta já deve estar selecionada para pintar os pixels",
          "fullFile": "",
          "file": "",
          "beforeHooks": [],
          "afterHooks": [],
          "tests": [
            {
              "title": "Verifica se o elemento da cor preta possui, inicialmente, a `classe` `selected`",
              "fullTitle": "6 - Defina a cor preta como cor inicial. Ao carregar a página a cor preta já deve estar selecionada para pintar os pixels Verifica se o elemento da cor preta possui, inicialmente, a `classe` `selected`",
              "timedOut": null,
              "duration": 242,
              "state": "passed",
              "speed": "slow",
              "pass": true,
              "fail": false,
              "pending": false,
              "context": null,
              "code": "cy.get('.selected').first().should('have.css', 'background-color', BLACK);",
              "err": {},
              "uuid": "0e6091d7-9136-4d1c-9c96-f157a3484cb1",
              "parentUUID": "bd63e26c-6170-4744-98d3-7357c99edc55",
              "isHook": false,
              "skipped": false
            },
            {
              "title": "Verifica se nenhuma outra cor da paleta tem a `classe` `selected`",
              "fullTitle": "6 - Defina a cor preta como cor inicial. Ao carregar a página a cor preta já deve estar selecionada para pintar os pixels Verifica se nenhuma outra cor da paleta tem a `classe` `selected`",
              "timedOut": null,
              "duration": 353,
              "state": "passed",
              "speed": "slow",
              "pass": true,
              "fail": false,
              "pending": false,
              "context": null,
              "code": "cy.get('.color:not(:first-child)').each(function (color) {\n  cy.wrap(color).should('not.have.class', 'selected');\n});",
              "err": {},
              "uuid": "46499cdd-360d-4e58-94f7-1ad85e767b24",
              "parentUUID": "bd63e26c-6170-4744-98d3-7357c99edc55",
              "isHook": false,
              "skipped": false
            }
          ],
          "suites": [],
          "passes": [
            "0e6091d7-9136-4d1c-9c96-f157a3484cb1",
            "46499cdd-360d-4e58-94f7-1ad85e767b24"
          ],
          "failures": [],
          "pending": [],
          "skipped": [],
          "duration": 595,
          "root": false,
          "rootEmpty": false,
          "_timeout": 2000
        },
        {
          "uuid": "ad13d6cb-5e0f-41b3-b734-54d0aea993ca",
          "title": "7 - Clicar em uma das cores da paleta, faz com que ela seja selecionada e utilizada para preencher os pixels no quadro.",
          "fullFile": "",
          "file": "",
          "beforeHooks": [],
          "afterHooks": [],
          "tests": [
            {
              "title": "Verifica se somente uma cor da paleta de cores tem a classe `selected` de cada vez",
              "fullTitle": "7 - Clicar em uma das cores da paleta, faz com que ela seja selecionada e utilizada para preencher os pixels no quadro. Verifica se somente uma cor da paleta de cores tem a classe `selected` de cada vez",
              "timedOut": null,
              "duration": 785,
              "state": "passed",
              "speed": "slow",
              "pass": true,
              "fail": false,
              "pending": false,
              "context": null,
              "code": "cy.get('.color').each(function (selectedColor, selectedColorIndex) {\n  cy.wrap(selectedColor).click();\n  cy.get('.color').each(function (color, colorIndex) {\n    if (colorIndex === selectedColorIndex) {\n      expect(color).to.have[\"class\"]('selected');\n    } else {\n      expect(color).not.to.have[\"class\"]('selected');\n    }\n  });\n});",
              "err": {},
              "uuid": "ebc0271d-289c-4f27-8a38-a75a30c76819",
              "parentUUID": "ad13d6cb-5e0f-41b3-b734-54d0aea993ca",
              "isHook": false,
              "skipped": false
            },
            {
              "title": "Verifica se os pixels dentro do quadro não têm a classe `selected` quando são clicados",
              "fullTitle": "7 - Clicar em uma das cores da paleta, faz com que ela seja selecionada e utilizada para preencher os pixels no quadro. Verifica se os pixels dentro do quadro não têm a classe `selected` quando são clicados",
              "timedOut": null,
              "duration": 9550,
              "state": "passed",
              "speed": "slow",
              "pass": true,
              "fail": false,
              "pending": false,
              "context": null,
              "code": "cy.get('.color').each(function (color) {\n  var backgroundColor = color.css('background-color');\n  cy.wrap(color).click();\n  cy.get('.pixel').each(function (pixel) {\n    cy.wrap(pixel).click().should('not.have.class', 'selected');\n  });\n});",
              "err": {},
              "uuid": "303930b2-32e6-422f-bafb-c3306f4003de",
              "parentUUID": "ad13d6cb-5e0f-41b3-b734-54d0aea993ca",
              "isHook": false,
              "skipped": false
            }
          ],
          "suites": [],
          "passes": [
            "ebc0271d-289c-4f27-8a38-a75a30c76819",
            "303930b2-32e6-422f-bafb-c3306f4003de"
          ],
          "failures": [],
          "pending": [],
          "skipped": [],
          "duration": 10335,
          "root": false,
          "rootEmpty": false,
          "_timeout": 2000
        },
        {
          "uuid": "ebb8ddd1-5202-4841-a30a-683ce79c1011",
          "title": "8 - Clicar em um pixel dentro do quadro após selecionar uma cor na paleta, faz com que o pixel seja preenchido com a cor selecionada.",
          "fullFile": "",
          "file": "",
          "beforeHooks": [],
          "afterHooks": [],
          "tests": [
            {
              "title": "Verifica se ao carregar a página deve ser possível pintar os pixels de preto",
              "fullTitle": "8 - Clicar em um pixel dentro do quadro após selecionar uma cor na paleta, faz com que o pixel seja preenchido com a cor selecionada. Verifica se ao carregar a página deve ser possível pintar os pixels de preto",
              "timedOut": null,
              "duration": 2718,
              "state": "passed",
              "speed": "slow",
              "pass": true,
              "fail": false,
              "pending": false,
              "context": null,
              "code": "cy.get('.pixel').each(function (pixel) {\n  cy.wrap(pixel).click().should('have.css', 'background-color', BLACK);\n});",
              "err": {},
              "uuid": "897b7ea9-1fcd-400e-99d3-b34fb5a09edf",
              "parentUUID": "ebb8ddd1-5202-4841-a30a-683ce79c1011",
              "isHook": false,
              "skipped": false
            },
            {
              "title": "Verifica se após selecionar uma outra cor na paleta, é possível pintar os pixels com essa cor",
              "fullTitle": "8 - Clicar em um pixel dentro do quadro após selecionar uma cor na paleta, faz com que o pixel seja preenchido com a cor selecionada. Verifica se após selecionar uma outra cor na paleta, é possível pintar os pixels com essa cor",
              "timedOut": null,
              "duration": 9282,
              "state": "passed",
              "speed": "slow",
              "pass": true,
              "fail": false,
              "pending": false,
              "context": null,
              "code": "cy.get('.color').each(function (color) {\n  var backgroundColor = color.css('background-color');\n  cy.wrap(color).click();\n  cy.get('.pixel').each(function (pixel) {\n    cy.wrap(pixel).click().should('have.css', 'background-color', backgroundColor);\n  });\n});",
              "err": {},
              "uuid": "300c4fcf-4e11-4aaa-8b7e-ed8d14a8aa20",
              "parentUUID": "ebb8ddd1-5202-4841-a30a-683ce79c1011",
              "isHook": false,
              "skipped": false
            },
            {
              "title": "Verifica se somente o pixel que foi clicado foi preenchido com a cor selecionada, sem influenciar na cor dos demais pixels.",
              "fullTitle": "8 - Clicar em um pixel dentro do quadro após selecionar uma cor na paleta, faz com que o pixel seja preenchido com a cor selecionada. Verifica se somente o pixel que foi clicado foi preenchido com a cor selecionada, sem influenciar na cor dos demais pixels.",
              "timedOut": null,
              "duration": 3407,
              "state": "passed",
              "speed": "slow",
              "pass": true,
              "fail": false,
              "pending": false,
              "context": null,
              "code": "var colorToPixelIndexMap = {\n  0: 6,\n  1: 8,\n  2: 16,\n  3: 18\n};\ncy.get('.color').each(function (color, index) {\n  cy.wrap(color).click();\n  var backgroundColor = color.css('background-color');\n  var clickedPixelIndex = colorToPixelIndexMap[index];\n  cy.get('.pixel').eq(clickedPixelIndex).click();\n  cy.get('.pixel').eq(clickedPixelIndex - 1).should('not.have.css', 'background-color', backgroundColor);\n  cy.get('.pixel').eq(clickedPixelIndex + 1).should('not.have.css', 'background-color', backgroundColor);\n  cy.get('.pixel').eq(clickedPixelIndex - 5).should('not.have.css', 'background-color', backgroundColor);\n  cy.get('.pixel').eq(clickedPixelIndex + 5).should('not.have.css', 'background-color', backgroundColor);\n  cy.get('.pixel').eq(clickedPixelIndex - 6).should('not.have.css', 'background-color', backgroundColor);\n  cy.get('.pixel').eq(clickedPixelIndex - 4).should('not.have.css', 'background-color', backgroundColor);\n  cy.get('.pixel').eq(clickedPixelIndex + 4).should('not.have.css', 'background-color', backgroundColor);\n  cy.get('.pixel').eq(clickedPixelIndex + 6).should('not.have.css', 'background-color', backgroundColor);\n});",
              "err": {},
              "uuid": "a1a45ab2-0470-4fd4-a0ad-0634bc532b50",
              "parentUUID": "ebb8ddd1-5202-4841-a30a-683ce79c1011",
              "isHook": false,
              "skipped": false
            }
          ],
          "suites": [],
          "passes": [
            "897b7ea9-1fcd-400e-99d3-b34fb5a09edf",
            "300c4fcf-4e11-4aaa-8b7e-ed8d14a8aa20",
            "a1a45ab2-0470-4fd4-a0ad-0634bc532b50"
          ],
          "failures": [],
          "pending": [],
          "skipped": [],
          "duration": 15407,
          "root": false,
          "rootEmpty": false,
          "_timeout": 2000
        },
        {
          "uuid": "f28b5db2-3474-4252-a781-8835ad6302e9",
          "title": "9 - Crie um botão que, ao ser clicado, limpa o quadro preenchendo a cor de todos seus pixels com branco.",
          "fullFile": "",
          "file": "",
          "beforeHooks": [],
          "afterHooks": [],
          "tests": [
            {
              "title": "Verifica se o botão tem o `id` denominado `clear-board`",
              "fullTitle": "9 - Crie um botão que, ao ser clicado, limpa o quadro preenchendo a cor de todos seus pixels com branco. Verifica se o botão tem o `id` denominado `clear-board`",
              "timedOut": null,
              "duration": 5024,
              "state": "failed",
              "speed": null,
              "pass": false,
              "fail": true,
              "pending": false,
              "context": null,
              "code": "cy.get('#clear-board').should('be.visible');",
              "err": {
                "message": "CypressError: Timed out retrying: Expected to find element: '#clear-board', but never found it.",
                "estack": "CypressError: Timed out retrying: Expected to find element: '#clear-board', but never found it.\n    at cypressErr (http://localhost:50703/__cypress/runner/cypress_runner.js:149934:9)\n    at throwErr (http://localhost:50703/__cypress/runner/cypress_runner.js:149867:11)\n    at Object.throwErrByPath (http://localhost:50703/__cypress/runner/cypress_runner.js:149915:3)\n    at retry (http://localhost:50703/__cypress/runner/cypress_runner.js:144197:19)\n    at onFailFn (http://localhost:50703/__cypress/runner/cypress_runner.js:132448:16)\n    at tryCatcher (http://localhost:50703/__cypress/runner/cypress_runner.js:167415:23)\n    at Promise._settlePromiseFromHandler (http://localhost:50703/__cypress/runner/cypress_runner.js:165351:31)\n    at Promise._settlePromise (http://localhost:50703/__cypress/runner/cypress_runner.js:165408:18)\n    at Promise._settlePromise0 (http://localhost:50703/__cypress/runner/cypress_runner.js:165453:10)\n    at Promise._settlePromises (http://localhost:50703/__cypress/runner/cypress_runner.js:165528:18)\n    at Async../node_modules/bluebird/js/release/async.js.Async._drainQueue (http://localhost:50703/__cypress/runner/cypress_runner.js:162140:16)\n    at Async../node_modules/bluebird/js/release/async.js.Async._drainQueues (http://localhost:50703/__cypress/runner/cypress_runner.js:162150:10)\n    at Async.drainQueues (http://localhost:50703/__cypress/runner/cypress_runner.js:162024:14)",
                "diff": null
              },
              "uuid": "ccf86593-441a-4047-ab69-a248a62604aa",
              "parentUUID": "f28b5db2-3474-4252-a781-8835ad6302e9",
              "isHook": false,
              "skipped": false
            },
            {
              "title": "Verifica se o botão está posicionado entre a paleta de cores e o quadro de pixels",
              "fullTitle": "9 - Crie um botão que, ao ser clicado, limpa o quadro preenchendo a cor de todos seus pixels com branco. Verifica se o botão está posicionado entre a paleta de cores e o quadro de pixels",
              "timedOut": null,
              "duration": 5229,
              "state": "failed",
              "speed": null,
              "pass": false,
              "fail": true,
              "pending": false,
              "context": null,
              "code": "cy.get('#color-palette').then(function (palette) {\n  cy.get('#clear-board').should('be.belowOf', palette);\n});\ncy.get('#clear-board').then(function (clearBtn) {\n  cy.get('#pixel-board').should('be.belowOf', clearBtn);\n});",
              "err": {
                "message": "CypressError: Timed out retrying: Expected to find element: '#clear-board', but never found it.",
                "estack": "CypressError: Timed out retrying: Expected to find element: '#clear-board', but never found it.\n    at cypressErr (http://localhost:50703/__cypress/runner/cypress_runner.js:149934:9)\n    at throwErr (http://localhost:50703/__cypress/runner/cypress_runner.js:149867:11)\n    at Object.throwErrByPath (http://localhost:50703/__cypress/runner/cypress_runner.js:149915:3)\n    at retry (http://localhost:50703/__cypress/runner/cypress_runner.js:144197:19)\n    at onFailFn (http://localhost:50703/__cypress/runner/cypress_runner.js:132448:16)\n    at tryCatcher (http://localhost:50703/__cypress/runner/cypress_runner.js:167415:23)\n    at Promise._settlePromiseFromHandler (http://localhost:50703/__cypress/runner/cypress_runner.js:165351:31)\n    at Promise._settlePromise (http://localhost:50703/__cypress/runner/cypress_runner.js:165408:18)\n    at Promise._settlePromise0 (http://localhost:50703/__cypress/runner/cypress_runner.js:165453:10)\n    at Promise._settlePromises (http://localhost:50703/__cypress/runner/cypress_runner.js:165528:18)\n    at Async../node_modules/bluebird/js/release/async.js.Async._drainQueue (http://localhost:50703/__cypress/runner/cypress_runner.js:162140:16)\n    at Async../node_modules/bluebird/js/release/async.js.Async._drainQueues (http://localhost:50703/__cypress/runner/cypress_runner.js:162150:10)\n    at Async.drainQueues (http://localhost:50703/__cypress/runner/cypress_runner.js:162024:14)",
                "diff": null
              },
              "uuid": "902ff335-887e-4f0a-8ba9-2a24f28d8019",
              "parentUUID": "f28b5db2-3474-4252-a781-8835ad6302e9",
              "isHook": false,
              "skipped": false
            },
            {
              "title": "Verifica se o texto do botão é 'Limpar'",
              "fullTitle": "9 - Crie um botão que, ao ser clicado, limpa o quadro preenchendo a cor de todos seus pixels com branco. Verifica se o texto do botão é 'Limpar'",
              "timedOut": null,
              "duration": 4890,
              "state": "failed",
              "speed": null,
              "pass": false,
              "fail": true,
              "pending": false,
              "context": null,
              "code": "cy.get('#clear-board').should('contain.text', 'Limpar');",
              "err": {
                "message": "CypressError: Timed out retrying: Expected to find element: '#clear-board', but never found it.",
                "estack": "CypressError: Timed out retrying: Expected to find element: '#clear-board', but never found it.\n    at cypressErr (http://localhost:50703/__cypress/runner/cypress_runner.js:149934:9)\n    at throwErr (http://localhost:50703/__cypress/runner/cypress_runner.js:149867:11)\n    at Object.throwErrByPath (http://localhost:50703/__cypress/runner/cypress_runner.js:149915:3)\n    at retry (http://localhost:50703/__cypress/runner/cypress_runner.js:144197:19)\n    at onFailFn (http://localhost:50703/__cypress/runner/cypress_runner.js:132448:16)\n    at tryCatcher (http://localhost:50703/__cypress/runner/cypress_runner.js:167415:23)\n    at Promise._settlePromiseFromHandler (http://localhost:50703/__cypress/runner/cypress_runner.js:165351:31)\n    at Promise._settlePromise (http://localhost:50703/__cypress/runner/cypress_runner.js:165408:18)\n    at Promise._settlePromise0 (http://localhost:50703/__cypress/runner/cypress_runner.js:165453:10)\n    at Promise._settlePromises (http://localhost:50703/__cypress/runner/cypress_runner.js:165528:18)\n    at Async../node_modules/bluebird/js/release/async.js.Async._drainQueue (http://localhost:50703/__cypress/runner/cypress_runner.js:162140:16)\n    at Async../node_modules/bluebird/js/release/async.js.Async._drainQueues (http://localhost:50703/__cypress/runner/cypress_runner.js:162150:10)\n    at Async.drainQueues (http://localhost:50703/__cypress/runner/cypress_runner.js:162024:14)",
                "diff": null
              },
              "uuid": "e6b6370d-1211-4272-81be-f6ce86daec93",
              "parentUUID": "f28b5db2-3474-4252-a781-8835ad6302e9",
              "isHook": false,
              "skipped": false
            },
            {
              "title": "Verifica se ao clicar no botão, o quadro de pixels é totalmente preenchido de branco",
              "fullTitle": "9 - Crie um botão que, ao ser clicado, limpa o quadro preenchendo a cor de todos seus pixels com branco. Verifica se ao clicar no botão, o quadro de pixels é totalmente preenchido de branco",
              "timedOut": null,
              "duration": 7394,
              "state": "failed",
              "speed": null,
              "pass": false,
              "fail": true,
              "pending": false,
              "context": null,
              "code": "cy.get('.color').eq(1).then(function (color) {\n  var backgroundColor = color.css('background-color');\n  cy.wrap(color).click();\n  cy.get('.pixel').each(function (pixel) {\n    cy.wrap(pixel).click().should('have.css', 'background-color', backgroundColor);\n  });\n});\ncy.get('#clear-board').click();\ncy.get('.pixel').each(function (pixel) {\n  cy.wrap(pixel).should('have.css', 'background-color', WHITE);\n});",
              "err": {
                "message": "CypressError: Timed out retrying: Expected to find element: '#clear-board', but never found it.",
                "estack": "CypressError: Timed out retrying: Expected to find element: '#clear-board', but never found it.\n    at cypressErr (http://localhost:50703/__cypress/runner/cypress_runner.js:149934:9)\n    at throwErr (http://localhost:50703/__cypress/runner/cypress_runner.js:149867:11)\n    at Object.throwErrByPath (http://localhost:50703/__cypress/runner/cypress_runner.js:149915:3)\n    at retry (http://localhost:50703/__cypress/runner/cypress_runner.js:144197:19)\n    at onFailFn (http://localhost:50703/__cypress/runner/cypress_runner.js:132448:16)\n    at tryCatcher (http://localhost:50703/__cypress/runner/cypress_runner.js:167415:23)\n    at Promise._settlePromiseFromHandler (http://localhost:50703/__cypress/runner/cypress_runner.js:165351:31)\n    at Promise._settlePromise (http://localhost:50703/__cypress/runner/cypress_runner.js:165408:18)\n    at Promise._settlePromise0 (http://localhost:50703/__cypress/runner/cypress_runner.js:165453:10)\n    at Promise._settlePromises (http://localhost:50703/__cypress/runner/cypress_runner.js:165528:18)\n    at Async../node_modules/bluebird/js/release/async.js.Async._drainQueue (http://localhost:50703/__cypress/runner/cypress_runner.js:162140:16)\n    at Async../node_modules/bluebird/js/release/async.js.Async._drainQueues (http://localhost:50703/__cypress/runner/cypress_runner.js:162150:10)\n    at Async.drainQueues (http://localhost:50703/__cypress/runner/cypress_runner.js:162024:14)",
                "diff": null
              },
              "uuid": "c09639af-fee0-49a4-b048-15d5a1dfda8e",
              "parentUUID": "f28b5db2-3474-4252-a781-8835ad6302e9",
              "isHook": false,
              "skipped": false
            }
          ],
          "suites": [],
          "passes": [],
          "failures": [
            "ccf86593-441a-4047-ab69-a248a62604aa",
            "902ff335-887e-4f0a-8ba9-2a24f28d8019",
            "e6b6370d-1211-4272-81be-f6ce86daec93",
            "c09639af-fee0-49a4-b048-15d5a1dfda8e"
          ],
          "pending": [],
          "skipped": [],
          "duration": 22537,
          "root": false,
          "rootEmpty": false,
          "_timeout": 2000
        },
        {
          "uuid": "1442d363-4eea-4537-8d25-f906841e13b4",
          "title": "10 - Faça o quadro de pixels ter seu tamanho definido pelo usuário.",
          "fullFile": "",
          "file": "",
          "beforeHooks": [],
          "afterHooks": [],
          "tests": [
            {
              "title": "Verifica se existe um input com o id `board-size`",
              "fullTitle": "10 - Faça o quadro de pixels ter seu tamanho definido pelo usuário. Verifica se existe um input com o id `board-size`",
              "timedOut": null,
              "duration": 5076,
              "state": "failed",
              "speed": null,
              "pass": false,
              "fail": true,
              "pending": false,
              "context": null,
              "code": "cy.get('#board-size').should('be.visible');",
              "err": {
                "message": "CypressError: Timed out retrying: Expected to find element: '#board-size', but never found it.",
                "estack": "CypressError: Timed out retrying: Expected to find element: '#board-size', but never found it.\n    at cypressErr (http://localhost:50703/__cypress/runner/cypress_runner.js:149934:9)\n    at throwErr (http://localhost:50703/__cypress/runner/cypress_runner.js:149867:11)\n    at Object.throwErrByPath (http://localhost:50703/__cypress/runner/cypress_runner.js:149915:3)\n    at retry (http://localhost:50703/__cypress/runner/cypress_runner.js:144197:19)\n    at onFailFn (http://localhost:50703/__cypress/runner/cypress_runner.js:132448:16)\n    at tryCatcher (http://localhost:50703/__cypress/runner/cypress_runner.js:167415:23)\n    at Promise._settlePromiseFromHandler (http://localhost:50703/__cypress/runner/cypress_runner.js:165351:31)\n    at Promise._settlePromise (http://localhost:50703/__cypress/runner/cypress_runner.js:165408:18)\n    at Promise._settlePromise0 (http://localhost:50703/__cypress/runner/cypress_runner.js:165453:10)\n    at Promise._settlePromises (http://localhost:50703/__cypress/runner/cypress_runner.js:165528:18)\n    at Async../node_modules/bluebird/js/release/async.js.Async._drainQueue (http://localhost:50703/__cypress/runner/cypress_runner.js:162140:16)\n    at Async../node_modules/bluebird/js/release/async.js.Async._drainQueues (http://localhost:50703/__cypress/runner/cypress_runner.js:162150:10)\n    at Async.drainQueues (http://localhost:50703/__cypress/runner/cypress_runner.js:162024:14)",
                "diff": null
              },
              "uuid": "87083736-8b1d-4683-a06d-c091df476011",
              "parentUUID": "1442d363-4eea-4537-8d25-f906841e13b4",
              "isHook": false,
              "skipped": false
            },
            {
              "title": "Verifica se existe um botão com o id `generate-board`",
              "fullTitle": "10 - Faça o quadro de pixels ter seu tamanho definido pelo usuário. Verifica se existe um botão com o id `generate-board`",
              "timedOut": null,
              "duration": 5186,
              "state": "failed",
              "speed": null,
              "pass": false,
              "fail": true,
              "pending": false,
              "context": null,
              "code": "cy.get('#generate-board').should('be.visible');",
              "err": {
                "message": "CypressError: Timed out retrying: Expected to find element: '#generate-board', but never found it.",
                "estack": "CypressError: Timed out retrying: Expected to find element: '#generate-board', but never found it.\n    at cypressErr (http://localhost:50703/__cypress/runner/cypress_runner.js:149934:9)\n    at throwErr (http://localhost:50703/__cypress/runner/cypress_runner.js:149867:11)\n    at Object.throwErrByPath (http://localhost:50703/__cypress/runner/cypress_runner.js:149915:3)\n    at retry (http://localhost:50703/__cypress/runner/cypress_runner.js:144197:19)\n    at onFailFn (http://localhost:50703/__cypress/runner/cypress_runner.js:132448:16)\n    at tryCatcher (http://localhost:50703/__cypress/runner/cypress_runner.js:167415:23)\n    at Promise._settlePromiseFromHandler (http://localhost:50703/__cypress/runner/cypress_runner.js:165351:31)\n    at Promise._settlePromise (http://localhost:50703/__cypress/runner/cypress_runner.js:165408:18)\n    at Promise._settlePromise0 (http://localhost:50703/__cypress/runner/cypress_runner.js:165453:10)\n    at Promise._settlePromises (http://localhost:50703/__cypress/runner/cypress_runner.js:165528:18)\n    at Async../node_modules/bluebird/js/release/async.js.Async._drainQueue (http://localhost:50703/__cypress/runner/cypress_runner.js:162140:16)\n    at Async../node_modules/bluebird/js/release/async.js.Async._drainQueues (http://localhost:50703/__cypress/runner/cypress_runner.js:162150:10)\n    at Async.drainQueues (http://localhost:50703/__cypress/runner/cypress_runner.js:162024:14)",
                "diff": null
              },
              "uuid": "55c9dbfc-c993-4981-9c03-365d1c67e47c",
              "parentUUID": "1442d363-4eea-4537-8d25-f906841e13b4",
              "isHook": false,
              "skipped": false
            },
            {
              "title": "Verifica se o input só aceita número maiores que zero. Essa restrição deve ser feita usando os atributos do elemento `input`",
              "fullTitle": "10 - Faça o quadro de pixels ter seu tamanho definido pelo usuário. Verifica se o input só aceita número maiores que zero. Essa restrição deve ser feita usando os atributos do elemento `input`",
              "timedOut": null,
              "duration": 5450,
              "state": "failed",
              "speed": null,
              "pass": false,
              "fail": true,
              "pending": false,
              "context": null,
              "code": "cy.get('#board-size[type=\\'number\\'][min=\\'1\\']');",
              "err": {
                "message": "CypressError: Timed out retrying: Expected to find element: '#board-size[type='number'][min='1']', but never found it.",
                "estack": "CypressError: Timed out retrying: Expected to find element: '#board-size[type='number'][min='1']', but never found it.\n    at cypressErr (http://localhost:50703/__cypress/runner/cypress_runner.js:149934:9)\n    at throwErr (http://localhost:50703/__cypress/runner/cypress_runner.js:149867:11)\n    at Object.throwErrByPath (http://localhost:50703/__cypress/runner/cypress_runner.js:149915:3)\n    at retry (http://localhost:50703/__cypress/runner/cypress_runner.js:144197:19)\n    at onFailFn (http://localhost:50703/__cypress/runner/cypress_runner.js:132448:16)\n    at tryCatcher (http://localhost:50703/__cypress/runner/cypress_runner.js:167415:23)\n    at Promise._settlePromiseFromHandler (http://localhost:50703/__cypress/runner/cypress_runner.js:165351:31)\n    at Promise._settlePromise (http://localhost:50703/__cypress/runner/cypress_runner.js:165408:18)\n    at Promise._settlePromise0 (http://localhost:50703/__cypress/runner/cypress_runner.js:165453:10)\n    at Promise._settlePromises (http://localhost:50703/__cypress/runner/cypress_runner.js:165528:18)\n    at Async../node_modules/bluebird/js/release/async.js.Async._drainQueue (http://localhost:50703/__cypress/runner/cypress_runner.js:162140:16)\n    at Async../node_modules/bluebird/js/release/async.js.Async._drainQueues (http://localhost:50703/__cypress/runner/cypress_runner.js:162150:10)\n    at Async.drainQueues (http://localhost:50703/__cypress/runner/cypress_runner.js:162024:14)",
                "diff": null
              },
              "uuid": "1fdebd3a-bd00-4c33-8f8b-0dc588150114",
              "parentUUID": "1442d363-4eea-4537-8d25-f906841e13b4",
              "isHook": false,
              "skipped": false
            },
            {
              "title": "Verifica se o botão contém o texto 'VQV'",
              "fullTitle": "10 - Faça o quadro de pixels ter seu tamanho definido pelo usuário. Verifica se o botão contém o texto 'VQV'",
              "timedOut": null,
              "duration": 5360,
              "state": "failed",
              "speed": null,
              "pass": false,
              "fail": true,
              "pending": false,
              "context": null,
              "code": "cy.get('#generate-board').contains(/vqv/i);",
              "err": {
                "message": "CypressError: Timed out retrying: Expected to find element: '#generate-board', but never found it.",
                "estack": "CypressError: Timed out retrying: Expected to find element: '#generate-board', but never found it.\n    at cypressErr (http://localhost:50703/__cypress/runner/cypress_runner.js:149934:9)\n    at throwErr (http://localhost:50703/__cypress/runner/cypress_runner.js:149867:11)\n    at Object.throwErrByPath (http://localhost:50703/__cypress/runner/cypress_runner.js:149915:3)\n    at retry (http://localhost:50703/__cypress/runner/cypress_runner.js:144197:19)\n    at onFailFn (http://localhost:50703/__cypress/runner/cypress_runner.js:132448:16)\n    at tryCatcher (http://localhost:50703/__cypress/runner/cypress_runner.js:167415:23)\n    at Promise._settlePromiseFromHandler (http://localhost:50703/__cypress/runner/cypress_runner.js:165351:31)\n    at Promise._settlePromise (http://localhost:50703/__cypress/runner/cypress_runner.js:165408:18)\n    at Promise._settlePromise0 (http://localhost:50703/__cypress/runner/cypress_runner.js:165453:10)\n    at Promise._settlePromises (http://localhost:50703/__cypress/runner/cypress_runner.js:165528:18)\n    at Async../node_modules/bluebird/js/release/async.js.Async._drainQueue (http://localhost:50703/__cypress/runner/cypress_runner.js:162140:16)\n    at Async../node_modules/bluebird/js/release/async.js.Async._drainQueues (http://localhost:50703/__cypress/runner/cypress_runner.js:162150:10)\n    at Async.drainQueues (http://localhost:50703/__cypress/runner/cypress_runner.js:162024:14)",
                "diff": null
              },
              "uuid": "860bf0cb-4fa1-45ea-a3eb-69c47b866241",
              "parentUUID": "1442d363-4eea-4537-8d25-f906841e13b4",
              "isHook": false,
              "skipped": false
            },
            {
              "title": "Verifica se o input está posicionado entre a paleta de cores e o quadro de pixels",
              "fullTitle": "10 - Faça o quadro de pixels ter seu tamanho definido pelo usuário. Verifica se o input está posicionado entre a paleta de cores e o quadro de pixels",
              "timedOut": null,
              "duration": 5220,
              "state": "failed",
              "speed": null,
              "pass": false,
              "fail": true,
              "pending": false,
              "context": null,
              "code": "cy.get('#color-palette').then(function (palette) {\n  cy.get('#board-size').should('be.belowOf', palette);\n});\ncy.get('#board-size').then(function (palette) {\n  cy.get('#pixel-board').should('be.belowOf', palette);\n});",
              "err": {
                "message": "CypressError: Timed out retrying: Expected to find element: '#board-size', but never found it.",
                "estack": "CypressError: Timed out retrying: Expected to find element: '#board-size', but never found it.\n    at cypressErr (http://localhost:50703/__cypress/runner/cypress_runner.js:149934:9)\n    at throwErr (http://localhost:50703/__cypress/runner/cypress_runner.js:149867:11)\n    at Object.throwErrByPath (http://localhost:50703/__cypress/runner/cypress_runner.js:149915:3)\n    at retry (http://localhost:50703/__cypress/runner/cypress_runner.js:144197:19)\n    at onFailFn (http://localhost:50703/__cypress/runner/cypress_runner.js:132448:16)\n    at tryCatcher (http://localhost:50703/__cypress/runner/cypress_runner.js:167415:23)\n    at Promise._settlePromiseFromHandler (http://localhost:50703/__cypress/runner/cypress_runner.js:165351:31)\n    at Promise._settlePromise (http://localhost:50703/__cypress/runner/cypress_runner.js:165408:18)\n    at Promise._settlePromise0 (http://localhost:50703/__cypress/runner/cypress_runner.js:165453:10)\n    at Promise._settlePromises (http://localhost:50703/__cypress/runner/cypress_runner.js:165528:18)\n    at Async../node_modules/bluebird/js/release/async.js.Async._drainQueue (http://localhost:50703/__cypress/runner/cypress_runner.js:162140:16)\n    at Async../node_modules/bluebird/js/release/async.js.Async._drainQueues (http://localhost:50703/__cypress/runner/cypress_runner.js:162150:10)\n    at Async.drainQueues (http://localhost:50703/__cypress/runner/cypress_runner.js:162024:14)",
                "diff": null
              },
              "uuid": "cad7afb4-e141-4db8-a29a-5552a1a122f2",
              "parentUUID": "1442d363-4eea-4537-8d25-f906841e13b4",
              "isHook": false,
              "skipped": false
            },
            {
              "title": "Verifica se o botão está posicionado ao lado do input",
              "fullTitle": "10 - Faça o quadro de pixels ter seu tamanho definido pelo usuário. Verifica se o botão está posicionado ao lado do input",
              "timedOut": null,
              "duration": 5361,
              "state": "failed",
              "speed": null,
              "pass": false,
              "fail": true,
              "pending": false,
              "context": null,
              "code": "cy.get('#board-size').then(function (board) {\n  cy.get('#generate-board').should('be.onTheRightOf', board);\n});",
              "err": {
                "message": "CypressError: Timed out retrying: Expected to find element: '#board-size', but never found it.",
                "estack": "CypressError: Timed out retrying: Expected to find element: '#board-size', but never found it.\n    at cypressErr (http://localhost:50703/__cypress/runner/cypress_runner.js:149934:9)\n    at throwErr (http://localhost:50703/__cypress/runner/cypress_runner.js:149867:11)\n    at Object.throwErrByPath (http://localhost:50703/__cypress/runner/cypress_runner.js:149915:3)\n    at retry (http://localhost:50703/__cypress/runner/cypress_runner.js:144197:19)\n    at onFailFn (http://localhost:50703/__cypress/runner/cypress_runner.js:132448:16)\n    at tryCatcher (http://localhost:50703/__cypress/runner/cypress_runner.js:167415:23)\n    at Promise._settlePromiseFromHandler (http://localhost:50703/__cypress/runner/cypress_runner.js:165351:31)\n    at Promise._settlePromise (http://localhost:50703/__cypress/runner/cypress_runner.js:165408:18)\n    at Promise._settlePromise0 (http://localhost:50703/__cypress/runner/cypress_runner.js:165453:10)\n    at Promise._settlePromises (http://localhost:50703/__cypress/runner/cypress_runner.js:165528:18)\n    at Async../node_modules/bluebird/js/release/async.js.Async._drainQueue (http://localhost:50703/__cypress/runner/cypress_runner.js:162140:16)\n    at Async../node_modules/bluebird/js/release/async.js.Async._drainQueues (http://localhost:50703/__cypress/runner/cypress_runner.js:162150:10)\n    at Async.drainQueues (http://localhost:50703/__cypress/runner/cypress_runner.js:162024:14)",
                "diff": null
              },
              "uuid": "a5572676-5359-47ba-9a23-8a0dc6b50836",
              "parentUUID": "1442d363-4eea-4537-8d25-f906841e13b4",
              "isHook": false,
              "skipped": false
            },
            {
              "title": "Verifica se nenhum valor for colocado no input ao clicar no botão, um `alert` é exibido com o texto: 'Board inválido!'",
              "fullTitle": "10 - Faça o quadro de pixels ter seu tamanho definido pelo usuário. Verifica se nenhum valor for colocado no input ao clicar no botão, um `alert` é exibido com o texto: 'Board inválido!'",
              "timedOut": null,
              "duration": 5463,
              "state": "failed",
              "speed": null,
              "pass": false,
              "fail": true,
              "pending": false,
              "context": null,
              "code": "var alerted = false;\ncy.on('window:alert', function (msg) {\n  return alerted = msg;\n});\ncy.get('#generate-board').click().then(function () {\n  return expect(alerted).to.match(/Board inválido!/i);\n});",
              "err": {
                "message": "CypressError: Timed out retrying: Expected to find element: '#generate-board', but never found it.",
                "estack": "CypressError: Timed out retrying: Expected to find element: '#generate-board', but never found it.\n    at cypressErr (http://localhost:50703/__cypress/runner/cypress_runner.js:149934:9)\n    at throwErr (http://localhost:50703/__cypress/runner/cypress_runner.js:149867:11)\n    at Object.throwErrByPath (http://localhost:50703/__cypress/runner/cypress_runner.js:149915:3)\n    at retry (http://localhost:50703/__cypress/runner/cypress_runner.js:144197:19)\n    at onFailFn (http://localhost:50703/__cypress/runner/cypress_runner.js:132448:16)\n    at tryCatcher (http://localhost:50703/__cypress/runner/cypress_runner.js:167415:23)\n    at Promise._settlePromiseFromHandler (http://localhost:50703/__cypress/runner/cypress_runner.js:165351:31)\n    at Promise._settlePromise (http://localhost:50703/__cypress/runner/cypress_runner.js:165408:18)\n    at Promise._settlePromise0 (http://localhost:50703/__cypress/runner/cypress_runner.js:165453:10)\n    at Promise._settlePromises (http://localhost:50703/__cypress/runner/cypress_runner.js:165528:18)\n    at Async../node_modules/bluebird/js/release/async.js.Async._drainQueue (http://localhost:50703/__cypress/runner/cypress_runner.js:162140:16)\n    at Async../node_modules/bluebird/js/release/async.js.Async._drainQueues (http://localhost:50703/__cypress/runner/cypress_runner.js:162150:10)\n    at Async.drainQueues (http://localhost:50703/__cypress/runner/cypress_runner.js:162024:14)",
                "diff": null
              },
              "uuid": "9c86c7b9-a599-49dd-b01e-e4d714878e24",
              "parentUUID": "1442d363-4eea-4537-8d25-f906841e13b4",
              "isHook": false,
              "skipped": false
            },
            {
              "title": "Verifica se ao clicar no botão com um valor preenchido, o tamanho do board muda.",
              "fullTitle": "10 - Faça o quadro de pixels ter seu tamanho definido pelo usuário. Verifica se ao clicar no botão com um valor preenchido, o tamanho do board muda.",
              "timedOut": null,
              "duration": 5555,
              "state": "failed",
              "speed": null,
              "pass": false,
              "fail": true,
              "pending": false,
              "context": null,
              "code": "cy.get('#board-size').clear().type(10);\ncy.get('#generate-board').click();\ncy.get('.pixel').should('have.length', 100);",
              "err": {
                "message": "CypressError: Timed out retrying: Expected to find element: '#board-size', but never found it.",
                "estack": "CypressError: Timed out retrying: Expected to find element: '#board-size', but never found it.\n    at cypressErr (http://localhost:50703/__cypress/runner/cypress_runner.js:149934:9)\n    at throwErr (http://localhost:50703/__cypress/runner/cypress_runner.js:149867:11)\n    at Object.throwErrByPath (http://localhost:50703/__cypress/runner/cypress_runner.js:149915:3)\n    at retry (http://localhost:50703/__cypress/runner/cypress_runner.js:144197:19)\n    at onFailFn (http://localhost:50703/__cypress/runner/cypress_runner.js:132448:16)\n    at tryCatcher (http://localhost:50703/__cypress/runner/cypress_runner.js:167415:23)\n    at Promise._settlePromiseFromHandler (http://localhost:50703/__cypress/runner/cypress_runner.js:165351:31)\n    at Promise._settlePromise (http://localhost:50703/__cypress/runner/cypress_runner.js:165408:18)\n    at Promise._settlePromise0 (http://localhost:50703/__cypress/runner/cypress_runner.js:165453:10)\n    at Promise._settlePromises (http://localhost:50703/__cypress/runner/cypress_runner.js:165528:18)\n    at Async../node_modules/bluebird/js/release/async.js.Async._drainQueue (http://localhost:50703/__cypress/runner/cypress_runner.js:162140:16)\n    at Async../node_modules/bluebird/js/release/async.js.Async._drainQueues (http://localhost:50703/__cypress/runner/cypress_runner.js:162150:10)\n    at Async.drainQueues (http://localhost:50703/__cypress/runner/cypress_runner.js:162024:14)",
                "diff": null
              },
              "uuid": "f29952bc-bf6e-4118-b1de-ea343d907bb2",
              "parentUUID": "1442d363-4eea-4537-8d25-f906841e13b4",
              "isHook": false,
              "skipped": false
            },
            {
              "title": "Verifica se o novo quadro tem todos os pixels preenchidos com a cor branca",
              "fullTitle": "10 - Faça o quadro de pixels ter seu tamanho definido pelo usuário. Verifica se o novo quadro tem todos os pixels preenchidos com a cor branca",
              "timedOut": null,
              "duration": 5470,
              "state": "failed",
              "speed": null,
              "pass": false,
              "fail": true,
              "pending": false,
              "context": null,
              "code": "cy.get('#board-size').clear().type(6);\ncy.get('#generate-board').click();\ncy.get('.pixel').should('have.length', 36).each(function (pixel) {\n  expect(pixel).to.have.css('background-color', WHITE);\n});",
              "err": {
                "message": "CypressError: Timed out retrying: Expected to find element: '#board-size', but never found it.",
                "estack": "CypressError: Timed out retrying: Expected to find element: '#board-size', but never found it.\n    at cypressErr (http://localhost:50703/__cypress/runner/cypress_runner.js:149934:9)\n    at throwErr (http://localhost:50703/__cypress/runner/cypress_runner.js:149867:11)\n    at Object.throwErrByPath (http://localhost:50703/__cypress/runner/cypress_runner.js:149915:3)\n    at retry (http://localhost:50703/__cypress/runner/cypress_runner.js:144197:19)\n    at onFailFn (http://localhost:50703/__cypress/runner/cypress_runner.js:132448:16)\n    at tryCatcher (http://localhost:50703/__cypress/runner/cypress_runner.js:167415:23)\n    at Promise._settlePromiseFromHandler (http://localhost:50703/__cypress/runner/cypress_runner.js:165351:31)\n    at Promise._settlePromise (http://localhost:50703/__cypress/runner/cypress_runner.js:165408:18)\n    at Promise._settlePromise0 (http://localhost:50703/__cypress/runner/cypress_runner.js:165453:10)\n    at Promise._settlePromises (http://localhost:50703/__cypress/runner/cypress_runner.js:165528:18)\n    at Async../node_modules/bluebird/js/release/async.js.Async._drainQueue (http://localhost:50703/__cypress/runner/cypress_runner.js:162140:16)\n    at Async../node_modules/bluebird/js/release/async.js.Async._drainQueues (http://localhost:50703/__cypress/runner/cypress_runner.js:162150:10)\n    at Async.drainQueues (http://localhost:50703/__cypress/runner/cypress_runner.js:162024:14)",
                "diff": null
              },
              "uuid": "c6e120d5-2e10-48cc-bc19-ef4cfb9a1691",
              "parentUUID": "1442d363-4eea-4537-8d25-f906841e13b4",
              "isHook": false,
              "skipped": false
            }
          ],
          "suites": [],
          "passes": [],
          "failures": [
            "87083736-8b1d-4683-a06d-c091df476011",
            "55c9dbfc-c993-4981-9c03-365d1c67e47c",
            "1fdebd3a-bd00-4c33-8f8b-0dc588150114",
            "860bf0cb-4fa1-45ea-a3eb-69c47b866241",
            "cad7afb4-e141-4db8-a29a-5552a1a122f2",
            "a5572676-5359-47ba-9a23-8a0dc6b50836",
            "9c86c7b9-a599-49dd-b01e-e4d714878e24",
            "f29952bc-bf6e-4118-b1de-ea343d907bb2",
            "c6e120d5-2e10-48cc-bc19-ef4cfb9a1691"
          ],
          "pending": [],
          "skipped": [],
          "duration": 48141,
          "root": false,
          "rootEmpty": false,
          "_timeout": 2000
        },
        {
          "uuid": "ae8fd685-50fd-44c8-bffc-3408a63c9ad2",
          "title": "11 - Limite o tamanho mínimo e máximo do board.",
          "fullFile": "",
          "file": "",
          "beforeHooks": [],
          "afterHooks": [],
          "tests": [
            {
              "title": "Verifica se a altura máxima do board é 50",
              "fullTitle": "11 - Limite o tamanho mínimo e máximo do board. Verifica se a altura máxima do board é 50",
              "timedOut": null,
              "duration": 5788,
              "state": "failed",
              "speed": null,
              "pass": false,
              "fail": true,
              "pending": false,
              "context": null,
              "code": "cy.get('#board-size').clear().type(50);\ncy.get('#generate-board').click();\ncy.get('.pixel').should('have.length', 2500);",
              "err": {
                "message": "CypressError: Timed out retrying: Expected to find element: '#board-size', but never found it.",
                "estack": "CypressError: Timed out retrying: Expected to find element: '#board-size', but never found it.\n    at cypressErr (http://localhost:50703/__cypress/runner/cypress_runner.js:149934:9)\n    at throwErr (http://localhost:50703/__cypress/runner/cypress_runner.js:149867:11)\n    at Object.throwErrByPath (http://localhost:50703/__cypress/runner/cypress_runner.js:149915:3)\n    at retry (http://localhost:50703/__cypress/runner/cypress_runner.js:144197:19)\n    at onFailFn (http://localhost:50703/__cypress/runner/cypress_runner.js:132448:16)\n    at tryCatcher (http://localhost:50703/__cypress/runner/cypress_runner.js:167415:23)\n    at Promise._settlePromiseFromHandler (http://localhost:50703/__cypress/runner/cypress_runner.js:165351:31)\n    at Promise._settlePromise (http://localhost:50703/__cypress/runner/cypress_runner.js:165408:18)\n    at Promise._settlePromise0 (http://localhost:50703/__cypress/runner/cypress_runner.js:165453:10)\n    at Promise._settlePromises (http://localhost:50703/__cypress/runner/cypress_runner.js:165528:18)\n    at Async../node_modules/bluebird/js/release/async.js.Async._drainQueue (http://localhost:50703/__cypress/runner/cypress_runner.js:162140:16)\n    at Async../node_modules/bluebird/js/release/async.js.Async._drainQueues (http://localhost:50703/__cypress/runner/cypress_runner.js:162150:10)\n    at Async.drainQueues (http://localhost:50703/__cypress/runner/cypress_runner.js:162024:14)",
                "diff": null
              },
              "uuid": "768e7a76-f786-4f6c-8ecf-649f716f406a",
              "parentUUID": "ae8fd685-50fd-44c8-bffc-3408a63c9ad2",
              "isHook": false,
              "skipped": false
            },
            {
              "title": "Verifica se a altura do board é 5 quando um valor menor é colocado no input",
              "fullTitle": "11 - Limite o tamanho mínimo e máximo do board. Verifica se a altura do board é 5 quando um valor menor é colocado no input",
              "timedOut": null,
              "duration": 5512,
              "state": "failed",
              "speed": null,
              "pass": false,
              "fail": true,
              "pending": false,
              "context": null,
              "code": "cy.get('#board-size').clear().type(4);\ncy.get('#generate-board').click();\ncy.get('.pixel').should('have.length', 25);",
              "err": {
                "message": "CypressError: Timed out retrying: Expected to find element: '#board-size', but never found it.",
                "estack": "CypressError: Timed out retrying: Expected to find element: '#board-size', but never found it.\n    at cypressErr (http://localhost:50703/__cypress/runner/cypress_runner.js:149934:9)\n    at throwErr (http://localhost:50703/__cypress/runner/cypress_runner.js:149867:11)\n    at Object.throwErrByPath (http://localhost:50703/__cypress/runner/cypress_runner.js:149915:3)\n    at retry (http://localhost:50703/__cypress/runner/cypress_runner.js:144197:19)\n    at onFailFn (http://localhost:50703/__cypress/runner/cypress_runner.js:132448:16)\n    at tryCatcher (http://localhost:50703/__cypress/runner/cypress_runner.js:167415:23)\n    at Promise._settlePromiseFromHandler (http://localhost:50703/__cypress/runner/cypress_runner.js:165351:31)\n    at Promise._settlePromise (http://localhost:50703/__cypress/runner/cypress_runner.js:165408:18)\n    at Promise._settlePromise0 (http://localhost:50703/__cypress/runner/cypress_runner.js:165453:10)\n    at Promise._settlePromises (http://localhost:50703/__cypress/runner/cypress_runner.js:165528:18)\n    at Async../node_modules/bluebird/js/release/async.js.Async._drainQueue (http://localhost:50703/__cypress/runner/cypress_runner.js:162140:16)\n    at Async../node_modules/bluebird/js/release/async.js.Async._drainQueues (http://localhost:50703/__cypress/runner/cypress_runner.js:162150:10)\n    at Async.drainQueues (http://localhost:50703/__cypress/runner/cypress_runner.js:162024:14)",
                "diff": null
              },
              "uuid": "715d08a4-c5ac-434f-a228-4222736bb6d1",
              "parentUUID": "ae8fd685-50fd-44c8-bffc-3408a63c9ad2",
              "isHook": false,
              "skipped": false
            },
            {
              "title": "Verifica se a altura do board é 50 quando um valor maior é colocado no input",
              "fullTitle": "11 - Limite o tamanho mínimo e máximo do board. Verifica se a altura do board é 50 quando um valor maior é colocado no input",
              "timedOut": null,
              "duration": 7004,
              "state": "failed",
              "speed": null,
              "pass": false,
              "fail": true,
              "pending": false,
              "context": null,
              "code": "cy.get('#board-size').clear().type(51);\ncy.get('#generate-board').click();\ncy.get('.pixel').should('have.length', 2500);",
              "err": {
                "message": "CypressError: Timed out retrying: Expected to find element: '#board-size', but never found it.",
                "estack": "CypressError: Timed out retrying: Expected to find element: '#board-size', but never found it.\n    at cypressErr (http://localhost:50703/__cypress/runner/cypress_runner.js:149934:9)\n    at throwErr (http://localhost:50703/__cypress/runner/cypress_runner.js:149867:11)\n    at Object.throwErrByPath (http://localhost:50703/__cypress/runner/cypress_runner.js:149915:3)\n    at retry (http://localhost:50703/__cypress/runner/cypress_runner.js:144197:19)\n    at onFailFn (http://localhost:50703/__cypress/runner/cypress_runner.js:132448:16)\n    at tryCatcher (http://localhost:50703/__cypress/runner/cypress_runner.js:167415:23)\n    at Promise._settlePromiseFromHandler (http://localhost:50703/__cypress/runner/cypress_runner.js:165351:31)\n    at Promise._settlePromise (http://localhost:50703/__cypress/runner/cypress_runner.js:165408:18)\n    at Promise._settlePromise0 (http://localhost:50703/__cypress/runner/cypress_runner.js:165453:10)\n    at Promise._settlePromises (http://localhost:50703/__cypress/runner/cypress_runner.js:165528:18)\n    at Async../node_modules/bluebird/js/release/async.js.Async._drainQueue (http://localhost:50703/__cypress/runner/cypress_runner.js:162140:16)\n    at Async../node_modules/bluebird/js/release/async.js.Async._drainQueues (http://localhost:50703/__cypress/runner/cypress_runner.js:162150:10)\n    at Async.drainQueues (http://localhost:50703/__cypress/runner/cypress_runner.js:162024:14)",
                "diff": null
              },
              "uuid": "2a5db24d-e74c-4d55-ba9a-17f218660bd1",
              "parentUUID": "ae8fd685-50fd-44c8-bffc-3408a63c9ad2",
              "isHook": false,
              "skipped": false
            }
          ],
          "suites": [],
          "passes": [],
          "failures": [
            "768e7a76-f786-4f6c-8ecf-649f716f406a",
            "715d08a4-c5ac-434f-a228-4222736bb6d1",
            "2a5db24d-e74c-4d55-ba9a-17f218660bd1"
          ],
          "pending": [],
          "skipped": [],
          "duration": 18304,
          "root": false,
          "rootEmpty": false,
          "_timeout": 2000
        },
        {
          "uuid": "bbebc633-4741-4c4f-8aae-1ef7ced5ac0b",
          "title": "12 - Faça com que as cores da paleta sejam geradas aleatoriamente ao carregar a página.",
          "fullFile": "",
          "file": "",
          "beforeHooks": [],
          "afterHooks": [],
          "tests": [
            {
              "title": "Verifica se as cores geradas na paleta são diferentes a cada carregamento da página",
              "fullTitle": "12 - Faça com que as cores da paleta sejam geradas aleatoriamente ao carregar a página. Verifica se as cores geradas na paleta são diferentes a cada carregamento da página",
              "timedOut": null,
              "duration": 1990,
              "state": "failed",
              "speed": null,
              "pass": false,
              "fail": true,
              "pending": false,
              "context": null,
              "code": "cy.get('.color').then(function (colors) {\n  var currentColors;\n  var previousColors;\n  previousColors = Array.from(colors).map(function (color) {\n    return Cypress.$(color).css('background-color');\n  });\n  for (var i = 0; i < 5; i += 1) {\n    cy.reload();\n    cy.get('.color').then(function (colors) {\n      currentColors = Array.from(colors).map(function (color) {\n        return Cypress.$(color).css('background-color');\n      });\n      expect(currentColors).not.to.deep.equal(previousColors);\n      previousColors = currentColors;\n    });\n  }\n});",
              "err": {
                "message": "AssertionError: expected [ Array(4) ] to not deeply equal [ Array(4) ]",
                "estack": "AssertionError: expected [ Array(4) ] to not deeply equal [ Array(4) ]\n    at getRet (http://localhost:50703/__cypress/runner/cypress_runner.js:136585:16)\n    at tryCatcher (http://localhost:50703/__cypress/runner/cypress_runner.js:167415:23)\n    at Function.Promise.attempt.Promise.try (http://localhost:50703/__cypress/runner/cypress_runner.js:164690:29)\n    at Context.thenFn (http://localhost:50703/__cypress/runner/cypress_runner.js:136599:23)\n    at Context.then (http://localhost:50703/__cypress/runner/cypress_runner.js:136971:21)\n    at Context.<anonymous> (http://localhost:50703/__cypress/runner/cypress_runner.js:148875:21)\n    at http://localhost:50703/__cypress/runner/cypress_runner.js:148351:33\n    at tryCatcher (http://localhost:50703/__cypress/runner/cypress_runner.js:167415:23)\n    at Promise._settlePromiseFromHandler (http://localhost:50703/__cypress/runner/cypress_runner.js:165351:31)\n    at Promise._settlePromise (http://localhost:50703/__cypress/runner/cypress_runner.js:165408:18)\n    at Promise._settlePromiseCtx (http://localhost:50703/__cypress/runner/cypress_runner.js:165445:10)\n    at Async../node_modules/bluebird/js/release/async.js.Async._drainQueue (http://localhost:50703/__cypress/runner/cypress_runner.js:162145:12)\n    at Async../node_modules/bluebird/js/release/async.js.Async._drainQueues (http://localhost:50703/__cypress/runner/cypress_runner.js:162150:10)\n    at Async.drainQueues (http://localhost:50703/__cypress/runner/cypress_runner.js:162024:14)",
                "diff": ""
              },
              "uuid": "6a2196bb-c9f7-41fe-a59e-45ca12b44194",
              "parentUUID": "bbebc633-4741-4c4f-8aae-1ef7ced5ac0b",
              "isHook": false,
              "skipped": false
            },
            {
              "title": "Verifica se a cor preta ainda está presente e é a primeira na sua paleta de cores",
              "fullTitle": "12 - Faça com que as cores da paleta sejam geradas aleatoriamente ao carregar a página. Verifica se a cor preta ainda está presente e é a primeira na sua paleta de cores",
              "timedOut": null,
              "duration": 1678,
              "state": "failed",
              "speed": null,
              "pass": false,
              "fail": true,
              "pending": false,
              "context": null,
              "code": "cy.get('.color').then(function (colors) {\n  var currentColors;\n  var previousColors;\n  previousColors = Array.from(colors).map(function (color) {\n    return Cypress.$(color).css('background-color');\n  });\n  expect(previousColors[0]).to.eq(BLACK);\n  for (var i = 0; i < 5; i += 1) {\n    cy.reload();\n    cy.get('.color').then(function (colors) {\n      currentColors = Array.from(colors).map(function (color) {\n        return Cypress.$(color).css('background-color');\n      });\n      expect(currentColors[0]).to.eq(BLACK);\n      expect(currentColors).not.to.deep.equal(previousColors);\n      previousColors = currentColors;\n    });\n  }\n});",
              "err": {
                "message": "AssertionError: expected [ Array(4) ] to not deeply equal [ Array(4) ]",
                "estack": "AssertionError: expected [ Array(4) ] to not deeply equal [ Array(4) ]\n    at getRet (http://localhost:50703/__cypress/runner/cypress_runner.js:136585:16)\n    at tryCatcher (http://localhost:50703/__cypress/runner/cypress_runner.js:167415:23)\n    at Function.Promise.attempt.Promise.try (http://localhost:50703/__cypress/runner/cypress_runner.js:164690:29)\n    at Context.thenFn (http://localhost:50703/__cypress/runner/cypress_runner.js:136599:23)\n    at Context.then (http://localhost:50703/__cypress/runner/cypress_runner.js:136971:21)\n    at Context.<anonymous> (http://localhost:50703/__cypress/runner/cypress_runner.js:148875:21)\n    at http://localhost:50703/__cypress/runner/cypress_runner.js:148351:33\n    at tryCatcher (http://localhost:50703/__cypress/runner/cypress_runner.js:167415:23)\n    at Promise._settlePromiseFromHandler (http://localhost:50703/__cypress/runner/cypress_runner.js:165351:31)\n    at Promise._settlePromise (http://localhost:50703/__cypress/runner/cypress_runner.js:165408:18)\n    at Promise._settlePromiseCtx (http://localhost:50703/__cypress/runner/cypress_runner.js:165445:10)\n    at Async../node_modules/bluebird/js/release/async.js.Async._drainQueue (http://localhost:50703/__cypress/runner/cypress_runner.js:162145:12)\n    at Async../node_modules/bluebird/js/release/async.js.Async._drainQueues (http://localhost:50703/__cypress/runner/cypress_runner.js:162150:10)\n    at Async.drainQueues (http://localhost:50703/__cypress/runner/cypress_runner.js:162024:14)",
                "diff": ""
              },
              "uuid": "b9439690-94c6-4e7c-8f19-a33af153b65a",
              "parentUUID": "bbebc633-4741-4c4f-8aae-1ef7ced5ac0b",
              "isHook": false,
              "skipped": false
            }
          ],
          "suites": [],
          "passes": [],
          "failures": [
            "6a2196bb-c9f7-41fe-a59e-45ca12b44194",
            "b9439690-94c6-4e7c-8f19-a33af153b65a"
          ],
          "pending": [],
          "skipped": [],
          "duration": 3668,
          "root": false,
          "rootEmpty": false,
          "_timeout": 2000
        }
      ],
      "passes": [],
      "failures": [],
      "pending": [],
      "skipped": [],
      "duration": 0,
      "root": true,
      "rootEmpty": true,
      "_timeout": 2000
    }
  ],
  "meta": {
    "mocha": {
      "version": "7.0.1"
    },
    "mochawesome": {
      "options": {
        "quiet": false,
        "reportFilename": "mochawesome",
        "saveHtml": false,
        "saveJson": true,
        "consoleReporter": "spec",
        "useInlineDiffs": false
      },
      "version": "4.1.0"
    },
    "marge": {
      "options": {
        "id": "default",
        "reportDir": "cypress/reports",
        "overwrite": true,
        "html": false,
        "json": true
      },
      "version": "4.1.0"
    }
  }
}